{"uid":"54b4dc30fbc49f68","name":"test_cff_sign_up_qr_type[-Default-image_qr_create]","fullName":"tests.tests_dpf_flow.dpf_link_cff_flow.test_cff_sign_up_pdf_download_from_welcome_modal.TestCFFSignUpFlowPdf#test_cff_sign_up_qr_type","historyId":"5abbba8799811ac0f96926e0cd597424","time":{"start":1735026226378,"stop":1735026298581,"duration":72203},"status":"failed","statusMessage":"AssertionError: QR code not downloaded","statusTrace":"self = <tests.tests_dpf_flow.dpf_link_cff_flow.test_cff_sign_up_pdf_download_from_welcome_modal.TestCFFSignUpFlowPdf object at 0x7faa8d01b9e0>\nnavigate_to_dpf_page = None, qr_create_method = 'image_qr_create'\nfake_email = 'wtl-automation6417006037115@test.com', resolution = 'Default'\n\n    @pytest.mark.parametrize(\"qr_create_method\", qr_create_methods)\n    @pytest.mark.parametrize(\"resolution\", resolution_qr_code_pdf)\n    def test_cff_sign_up_qr_type(\n        self, navigate_to_dpf_page, qr_create_method, fake_email, resolution\n    ):\n        qr_create_method_func = getattr(self.qr_creation_page, qr_create_method)\n        qr_create_method_func()\n        self.qr_creation_page.click_next_button_step2()\n        self.qr_creation_page.complete_step_3()\n        try:\n            expect(self.qr_creation_page.locator.create_button).to_be_disabled(\n                timeout=5000\n            )\n        except AssertionError:\n            \"The button has not become disabled, continuing the test\"\n        self.qr_creation_page.locator.create_button.is_enabled()\n        self.qr_creation_page.locator.create_button.click()\n        self.qr_creation_page.locator.dpf_form_email_input.fill(fake_email)\n        self.qr_creation_page.locator.dpf_form_submit_button.click()\n        self.main_page.locator.main_logo_link.click()\n        self.my_qr_codes_page.expect(\n            self.my_qr_codes_page.locator.sign_up_success_image\n        ).to_be_enabled(timeout=30000)\n>       self.my_qr_codes_page.download_parametrize_files(\n            pdf_download_format, resolution\n        )\n\ntests/tests_dpf_flow/dpf_link_cff_flow/test_cff_sign_up_pdf_download_from_welcome_modal.py:37: \n_ _ _ _ _ _ _ _ _ _ _ _ _ _ _ _ _ _ _ _ _ _ _ _ _ _ _ _ _ _ _ _ _ _ _ _ _ _ _ _ \n\nself = <pages.my_qr_codes_page.MyQrCodesPage object at 0x7faa8c9c8d10>\nfile_format = 'PDF', resolution = 'Default'\n\n    @allure.step(\"Download QR code with parameters\")\n    def download_parametrize_files(self, file_format, resolution):\n        download_path = \"artifacts/downloaded_qr_path/\"\n        self.page.locator(\n            f\"//div[contains(@class,'dl-modal-option-card')]//h6[text()='{file_format}']\"\n        ).click()\n        self.locator.size_of_qr_file_download_dropdown.click(force=True)\n        self.page.locator(f\"//input[@id='{resolution}']\").click()\n        if self.checked_locator(self.locator.alert_locator):\n>           assert False, \"QR code not downloaded\"\nE           AssertionError: QR code not downloaded\n\npages/my_qr_codes_page.py:35: AssertionError","flaky":false,"newFailed":true,"newBroken":false,"newPassed":false,"retriesCount":0,"retriesStatusChange":false,"beforeStages":[{"name":"_session_faker","time":{"start":1735026116380,"stop":1735026116548,"duration":168},"status":"passed","steps":[],"attachments":[],"parameters":[],"shouldDisplayMessage":false,"attachmentsCount":0,"attachmentStep":false,"stepsCount":0,"hasContent":false},{"name":"pytestconfig","time":{"start":1735026116548,"stop":1735026116549,"duration":1},"status":"passed","steps":[],"attachments":[],"parameters":[],"shouldDisplayMessage":false,"attachmentsCount":0,"attachmentStep":false,"stepsCount":0,"hasContent":false},{"name":"base_url","time":{"start":1735026116549,"stop":1735026116549,"duration":0},"status":"passed","steps":[],"attachments":[],"parameters":[],"shouldDisplayMessage":false,"attachmentsCount":0,"attachmentStep":false,"stepsCount":0,"hasContent":false},{"name":"delete_output_dir","time":{"start":1735026116549,"stop":1735026116549,"duration":0},"status":"passed","steps":[],"attachments":[],"parameters":[],"shouldDisplayMessage":false,"attachmentsCount":0,"attachmentStep":false,"stepsCount":0,"hasContent":false},{"name":"Set up browser: chromium","time":{"start":1735026116549,"stop":1735026118606,"duration":2057},"status":"passed","steps":[],"attachments":[],"parameters":[],"shouldDisplayMessage":false,"attachmentsCount":0,"attachmentStep":false,"stepsCount":0,"hasContent":false},{"name":"_verify_url","time":{"start":1735026116549,"stop":1735026116549,"duration":0},"status":"passed","steps":[],"attachments":[],"parameters":[],"shouldDisplayMessage":false,"attachmentsCount":0,"attachmentStep":false,"stepsCount":0,"hasContent":false},{"name":"Failed test artifacts","time":{"start":1735026215723,"stop":1735026215723,"duration":0},"status":"passed","steps":[],"attachments":[],"parameters":[],"shouldDisplayMessage":false,"attachmentsCount":0,"attachmentStep":false,"stepsCount":0,"hasContent":false},{"name":"fake_email","time":{"start":1735026215723,"stop":1735026215723,"duration":0},"status":"passed","steps":[],"attachments":[],"parameters":[],"shouldDisplayMessage":false,"attachmentsCount":0,"attachmentStep":false,"stepsCount":0,"hasContent":false},{"name":"Delete user after test","time":{"start":1735026215723,"stop":1735026215724,"duration":1},"status":"passed","steps":[],"attachments":[],"parameters":[],"shouldDisplayMessage":false,"attachmentsCount":0,"attachmentStep":false,"stepsCount":0,"hasContent":false},{"name":"context","time":{"start":1735026215724,"stop":1735026215798,"duration":74},"status":"passed","steps":[],"attachments":[],"parameters":[],"shouldDisplayMessage":false,"attachmentsCount":0,"attachmentStep":false,"stepsCount":0,"hasContent":false},{"name":"page","time":{"start":1735026215798,"stop":1735026216142,"duration":344},"status":"passed","steps":[],"attachments":[],"parameters":[],"shouldDisplayMessage":false,"attachmentsCount":0,"attachmentStep":false,"stepsCount":0,"hasContent":false},{"name":"Navigate to DPF funnel","time":{"start":1735026216142,"stop":1735026226377,"duration":10235},"status":"passed","steps":[],"attachments":[],"parameters":[],"shouldDisplayMessage":false,"attachmentsCount":0,"attachmentStep":false,"stepsCount":0,"hasContent":false},{"name":"setup","time":{"start":1735026216142,"stop":1735026216142,"duration":0},"status":"passed","steps":[],"attachments":[],"parameters":[],"shouldDisplayMessage":false,"attachmentsCount":0,"attachmentStep":false,"stepsCount":0,"hasContent":false}],"testStage":{"status":"failed","statusMessage":"AssertionError: QR code not downloaded","statusTrace":"self = <tests.tests_dpf_flow.dpf_link_cff_flow.test_cff_sign_up_pdf_download_from_welcome_modal.TestCFFSignUpFlowPdf object at 0x7faa8d01b9e0>\nnavigate_to_dpf_page = None, qr_create_method = 'image_qr_create'\nfake_email = 'wtl-automation6417006037115@test.com', resolution = 'Default'\n\n    @pytest.mark.parametrize(\"qr_create_method\", qr_create_methods)\n    @pytest.mark.parametrize(\"resolution\", resolution_qr_code_pdf)\n    def test_cff_sign_up_qr_type(\n        self, navigate_to_dpf_page, qr_create_method, fake_email, resolution\n    ):\n        qr_create_method_func = getattr(self.qr_creation_page, qr_create_method)\n        qr_create_method_func()\n        self.qr_creation_page.click_next_button_step2()\n        self.qr_creation_page.complete_step_3()\n        try:\n            expect(self.qr_creation_page.locator.create_button).to_be_disabled(\n                timeout=5000\n            )\n        except AssertionError:\n            \"The button has not become disabled, continuing the test\"\n        self.qr_creation_page.locator.create_button.is_enabled()\n        self.qr_creation_page.locator.create_button.click()\n        self.qr_creation_page.locator.dpf_form_email_input.fill(fake_email)\n        self.qr_creation_page.locator.dpf_form_submit_button.click()\n        self.main_page.locator.main_logo_link.click()\n        self.my_qr_codes_page.expect(\n            self.my_qr_codes_page.locator.sign_up_success_image\n        ).to_be_enabled(timeout=30000)\n>       self.my_qr_codes_page.download_parametrize_files(\n            pdf_download_format, resolution\n        )\n\ntests/tests_dpf_flow/dpf_link_cff_flow/test_cff_sign_up_pdf_download_from_welcome_modal.py:37: \n_ _ _ _ _ _ _ _ _ _ _ _ _ _ _ _ _ _ _ _ _ _ _ _ _ _ _ _ _ _ _ _ _ _ _ _ _ _ _ _ \n\nself = <pages.my_qr_codes_page.MyQrCodesPage object at 0x7faa8c9c8d10>\nfile_format = 'PDF', resolution = 'Default'\n\n    @allure.step(\"Download QR code with parameters\")\n    def download_parametrize_files(self, file_format, resolution):\n        download_path = \"artifacts/downloaded_qr_path/\"\n        self.page.locator(\n            f\"//div[contains(@class,'dl-modal-option-card')]//h6[text()='{file_format}']\"\n        ).click()\n        self.locator.size_of_qr_file_download_dropdown.click(force=True)\n        self.page.locator(f\"//input[@id='{resolution}']\").click()\n        if self.checked_locator(self.locator.alert_locator):\n>           assert False, \"QR code not downloaded\"\nE           AssertionError: QR code not downloaded\n\npages/my_qr_codes_page.py:35: AssertionError","steps":[{"name":"Create Image QR code","time":{"start":1735026226976,"stop":1735026256208,"duration":29232},"status":"passed","steps":[{"name":"Close help modal window step 2","time":{"start":1735026230972,"stop":1735026231899,"duration":927},"status":"passed","steps":[],"attachments":[],"parameters":[],"shouldDisplayMessage":false,"attachmentsCount":0,"attachmentStep":false,"stepsCount":0,"hasContent":false},{"name":"Emulate drag and drop","time":{"start":1735026233659,"stop":1735026242173,"duration":8514},"status":"passed","steps":[{"name":"Generate file","time":{"start":1735026233659,"stop":1735026237651,"duration":3992},"status":"passed","steps":[],"attachments":[],"parameters":[{"name":"file_type","value":"'image'"}],"shouldDisplayMessage":false,"attachmentsCount":0,"attachmentStep":false,"stepsCount":0,"hasContent":true}],"attachments":[],"parameters":[{"name":"selector","value":"'#files'"},{"name":"file_type","value":"'image'"}],"shouldDisplayMessage":false,"attachmentsCount":0,"attachmentStep":false,"stepsCount":1,"hasContent":true},{"name":"Set QR code style","time":{"start":1735026247695,"stop":1735026251870,"duration":4175},"status":"passed","steps":[],"attachments":[],"parameters":[],"shouldDisplayMessage":false,"attachmentsCount":0,"attachmentStep":false,"stepsCount":0,"hasContent":false},{"name":"Set QR code image on welcome screen","time":{"start":1735026251870,"stop":1735026255285,"duration":3415},"status":"passed","steps":[{"name":"Generate file","time":{"start":1735026251870,"stop":1735026254986,"duration":3116},"status":"passed","steps":[],"attachments":[],"parameters":[{"name":"file_type","value":"'image'"}],"shouldDisplayMessage":false,"attachmentsCount":0,"attachmentStep":false,"stepsCount":0,"hasContent":true}],"attachments":[],"parameters":[],"shouldDisplayMessage":false,"attachmentsCount":0,"attachmentStep":false,"stepsCount":1,"hasContent":true},{"name":"Set QR code name","time":{"start":1735026255285,"stop":1735026256208,"duration":923},"status":"passed","steps":[],"attachments":[],"parameters":[{"name":"qr_code_type","value":"'Business'"}],"shouldDisplayMessage":false,"attachmentsCount":0,"attachmentStep":false,"stepsCount":0,"hasContent":true}],"attachments":[],"parameters":[],"shouldDisplayMessage":false,"attachmentsCount":0,"attachmentStep":false,"stepsCount":7,"hasContent":true},{"name":"Click on Next button","time":{"start":1735026256208,"stop":1735026257118,"duration":910},"status":"passed","steps":[],"attachments":[],"parameters":[],"shouldDisplayMessage":false,"attachmentsCount":0,"attachmentStep":false,"stepsCount":0,"hasContent":false},{"name":"Complete step 3","time":{"start":1735026257119,"stop":1735026276400,"duration":19281},"status":"passed","steps":[{"name":"Close help modal window step 3","time":{"start":1735026257119,"stop":1735026258388,"duration":1269},"status":"passed","steps":[],"attachments":[],"parameters":[],"shouldDisplayMessage":false,"attachmentsCount":0,"attachmentStep":false,"stepsCount":0,"hasContent":false},{"name":"Select qr frame on step 3","time":{"start":1735026258389,"stop":1735026263781,"duration":5392},"status":"passed","steps":[],"attachments":[],"parameters":[],"shouldDisplayMessage":false,"attachmentsCount":0,"attachmentStep":false,"stepsCount":0,"hasContent":false},{"name":"Set file","time":{"start":1735026268418,"stop":1735026271094,"duration":2676},"status":"passed","steps":[{"name":"Generate file","time":{"start":1735026268418,"stop":1735026270957,"duration":2539},"status":"passed","steps":[],"attachments":[],"parameters":[{"name":"file_type","value":"'image'"}],"shouldDisplayMessage":false,"attachmentsCount":0,"attachmentStep":false,"stepsCount":0,"hasContent":true}],"attachments":[],"parameters":[{"name":"selector","value":"<Locator frame=<Frame name= url='https://oqg-staging.test-qr.com/qr?step=3&qr_onboarding=active_dpf'> selector=\"//input[@id='qr_code_logo']\">"},{"name":"file_type","value":"'image'"}],"shouldDisplayMessage":false,"attachmentsCount":0,"attachmentStep":false,"stepsCount":1,"hasContent":true},{"name":"Select QR cornets on step 3","time":{"start":1735026272564,"stop":1735026276400,"duration":3836},"status":"passed","steps":[],"attachments":[],"parameters":[],"shouldDisplayMessage":false,"attachmentsCount":0,"attachmentStep":false,"stepsCount":0,"hasContent":false}],"attachments":[],"parameters":[],"shouldDisplayMessage":false,"attachmentsCount":0,"attachmentStep":false,"stepsCount":5,"hasContent":true},{"name":"Download QR code with parameters","time":{"start":1735026297062,"stop":1735026298581,"duration":1519},"status":"failed","statusMessage":"AssertionError: QR code not downloaded\n","statusTrace":"  File \"/usr/local/lib/python3.12/dist-packages/allure_commons/_allure.py\", line 192, in impl\n    return func(*a, **kw)\n           ^^^^^^^^^^^^^^\n  File \"/app/workspace/pages/my_qr_codes_page.py\", line 35, in download_parametrize_files\n    assert False, \"QR code not downloaded\"\n           ^^^^^\n","steps":[],"attachments":[],"parameters":[{"name":"file_format","value":"'PDF'"},{"name":"resolution","value":"'Default'"}],"shouldDisplayMessage":true,"attachmentsCount":0,"attachmentStep":false,"stepsCount":0,"hasContent":true}],"attachments":[],"parameters":[],"shouldDisplayMessage":true,"attachmentsCount":0,"attachmentStep":false,"stepsCount":16,"hasContent":true},"afterStages":[{"name":"page::0","time":{"start":1735026298649,"stop":1735026301752,"duration":3103},"status":"passed","steps":[],"attachments":[],"parameters":[],"shouldDisplayMessage":false,"attachmentsCount":0,"attachmentStep":false,"stepsCount":0,"hasContent":false},{"name":"context::0","time":{"start":1735026301752,"stop":1735026301816,"duration":64},"status":"passed","steps":[],"attachments":[],"parameters":[],"shouldDisplayMessage":false,"attachmentsCount":0,"attachmentStep":false,"stepsCount":0,"hasContent":false},{"name":"Delete user after test::0","time":{"start":1735026301816,"stop":1735026302061,"duration":245},"status":"passed","steps":[],"attachments":[],"parameters":[],"shouldDisplayMessage":false,"attachmentsCount":0,"attachmentStep":false,"stepsCount":0,"hasContent":false},{"name":"Failed test artifacts::0","time":{"start":1735026302070,"stop":1735026302101,"duration":31},"status":"passed","steps":[],"attachments":[{"uid":"99e2a58ec200e36f","name":"screenshot","source":"99e2a58ec200e36f.png","type":"image/png","size":164810},{"uid":"d35a75f305a3b1dc","name":"video","source":"d35a75f305a3b1dc.webm","type":"video/webm","size":3476370}],"parameters":[],"shouldDisplayMessage":false,"attachmentsCount":2,"attachmentStep":false,"stepsCount":0,"hasContent":true},{"name":"Set up browser: chromium::0","time":{"start":1735028239659,"stop":1735028239958,"duration":299},"status":"passed","steps":[],"attachments":[],"parameters":[],"shouldDisplayMessage":false,"attachmentsCount":0,"attachmentStep":false,"stepsCount":0,"hasContent":false}],"labels":[{"name":"feature","value":"CFF sign up flow - chromium"},{"name":"tag","value":"smoke"},{"name":"parentSuite","value":"tests.tests_dpf_flow.dpf_link_cff_flow"},{"name":"suite","value":"test_cff_sign_up_pdf_download_from_welcome_modal"},{"name":"subSuite","value":"TestCFFSignUpFlowPdf"},{"name":"host","value":"2866ef4ea307"},{"name":"thread","value":"32-MainThread"},{"name":"framework","value":"pytest"},{"name":"language","value":"cpython3"},{"name":"package","value":"tests.tests_dpf_flow.dpf_link_cff_flow.test_cff_sign_up_pdf_download_from_welcome_modal"},{"name":"resultFormat","value":"allure2"}],"parameters":[{"name":"navigate_to_dpf_page","value":"''"},{"name":"qr_create_method","value":"'image_qr_create'"},{"name":"resolution","value":"'Default'"}],"links":[],"hidden":false,"retry":false,"extra":{"severity":"normal","retries":[],"categories":[{"name":"Product defects","matchedStatuses":[],"flaky":false}],"history":{"statistic":{"failed":2,"broken":1,"skipped":0,"passed":0,"unknown":0,"total":3},"items":[{"uid":"a85bbcaa2a95a7c1","reportUrl":"https://Bohdan-wtl.github.io/qr-generator/allure-action/main/chromium/12472278239_1734988652393/#testresult/a85bbcaa2a95a7c1","status":"broken","statusDetails":"playwright._impl._errors.TimeoutError: Locator.click: Timeout 30000ms exceeded.\nCall log:\nwaiting for locator(\"//div[@id='helpCarousel']//button[@id='closeBtn']\")\n  -   locator resolved to <button id=\"closeBtn\" data-dismiss=\"modal\" class=\"help-close-btn step-2\">â€¦</button>\n  - attempting click action\n  -   waiting for element to be visible, enabled and stable\n  -   element is not visible\n  - retrying click action, attempt #1\n  -   waiting for element to be visible, enabled and stable\n  -   element is not visible\n  - retrying click action, attempt #2\n  -   waiting 20ms\n  -   waiting for element to be visible, enabled and stable\n  -   element is not visible\n  - retrying click action, attempt #3\n  -   waiting 100ms\n  -   waiting for element to be visible, enabled and stable\n  -   element is not visible\n  - retrying click action, attempt #4\n  -   waiting 100ms\n  -   waiting for element to be visible, enabled and stable\n  -   element is not visible\n  - retrying click action, attempt #5\n  -   waiting 500ms\n  -   waiting for element to be visible, enabled and stable\n  -   element is not visible\n  - retrying click action, attempt #6\n  -   waiting 500ms\n  -   waiting for element to be visible, enabled and stable\n  -   element is not visible\n  - retrying click action, attempt #7\n  -   waiting 500ms\n  -   waiting for element to be visible, enabled and stable\n  -   element is not visible\n  - retrying click action, attempt #8\n  -   waiting 500ms\n  -   waiting for element to be visible, enabled and stable\n  -   element is not visible\n  - retrying click action, attempt #9\n  -   waiting 500ms\n  -   waiting for element to be visible, enabled and stable\n  -   element is not visible\n  - retrying click action, attempt #10\n  -   waiting 500ms\n  -   waiting for element to be visible, enabled and stable\n  -   element is not visible\n  - retrying click action, attempt #11\n  -   waiting 500ms\n  -   waiting for element to be visible, enabled and stable\n  -   element is not visible\n  - retrying click action, attempt #12\n  -   waiting 500ms\n  -   waiting for element to be visible, enabled and stable\n  -   element is not visible\n  - retrying click action, attempt #13\n  -   waiting 500ms\n  -   waiting for element to be visible, enabled and stable\n  -   element is not visible\n  - retrying click action, attempt #14\n  -   waiting 500ms\n  -   waiting for element to be visible, enabled and stable\n  -   element is not visible\n  - retrying click action, attempt #15\n  -   waiting 500ms\n  -   waiting for element to be visible, enabled and stable\n  -   element is not visible\n  - retrying click action, attempt #16\n  -   waiting 500ms\n  -   waiting for element to be visible, enabled and stable\n  -   element is not visible\n  - retrying click action, attempt #17\n  -   waiting 500ms\n  -   waiting for element to be visible, enabled and stable\n  -   element is not visible\n  - retrying click action, attempt #18\n  -   waiting 500ms\n  -   waiting for element to be visible, enabled and stable\n  -   element is not visible\n  - retrying click action, attempt #19\n  -   waiting 500ms\n  -   waiting for element to be visible, enabled and stable\n  -   element is not visible\n  - retrying click action, attempt #20\n  -   waiting 500ms\n  -   waiting for element to be visible, enabled and stable\n  -   element is not visible\n  - retrying click action, attempt #21\n  -   waiting 500ms\n  -   waiting for element to be visible, enabled and stable\n  -   element is not visible\n  - retrying click action, attempt #22\n  -   waiting 500ms\n  -   waiting for element to be visible, enabled and stable\n  -   element is not visible\n  - retrying click action, attempt #23\n  -   waiting 500ms\n  -   waiting for element to be visible, enabled and stable\n  -   element is not visible\n  - retrying click action, attempt #24\n  -   waiting 500ms\n  -   waiting for element to be visible, enabled and stable\n  -   element is not visible\n  - retrying click action, attempt #25\n  -   waiting 500ms\n  -   waiting for element to be visible, enabled and stable\n  -   element is not visible\n  - retrying click action, attempt #26\n  -   waiting 500ms\n  -   waiting for element to be visible, enabled and stable\n  -   element is not visible\n  - retrying click action, attempt #27\n  -   waiting 500ms\n  -   waiting for element to be visible, enabled and stable\n  -   element is not visible\n  - retrying click action, attempt #28\n  -   waiting 500ms\n  -   waiting for element to be visible, enabled and stable\n  -   element is not visible\n  - retrying click action, attempt #29\n  -   waiting 500ms\n  -   waiting for element to be visible, enabled and stable\n  -   element is not visible\n  - retrying click action, attempt #30\n  -   waiting 500ms\n  -   waiting for element to be visible, enabled and stable\n  -   element is not visible\n  - retrying click action, attempt #31\n  -   waiting 500ms\n  -   waiting for element to be visible, enabled and stable\n  -   element is not visible\n  - retrying click action, attempt #32\n  -   waiting 500ms\n  -   waiting for element to be visible, enabled and stable\n  -   element is not visible\n  - retrying click action, attempt #33\n  -   waiting 500ms\n  -   waiting for element to be visible, enabled and stable\n  -   element is not visible\n  - retrying click action, attempt #34\n  -   waiting 500ms\n  -   waiting for element to be visible, enabled and stable\n  -   element is not visible\n  - retrying click action, attempt #35\n  -   waiting 500ms\n  -   waiting for element to be visible, enabled and stable\n  -   element is not visible\n  - retrying click action, attempt #36\n  -   waiting 500ms\n  -   waiting for element to be visible, enabled and stable\n  -   element is not visible\n  - retrying click action, attempt #37\n  -   waiting 500ms\n  -   waiting for element to be visible, enabled and stable\n  -   element is not visible\n  - retrying click action, attempt #38\n  -   waiting 500ms\n  -   waiting for element to be visible, enabled and stable\n  -   element is not visible\n  - retrying click action, attempt #39\n  -   waiting 500ms\n  -   waiting for element to be visible, enabled and stable\n  -   element is not visible\n  - retrying click action, attempt #40\n  -   waiting 500ms\n  -   waiting for element to be visible, enabled and stable\n  -   element is not visible\n  - retrying click action, attempt #41\n  -   waiting 500ms\n  -   waiting for element to be visible, enabled and stable\n  -   element is not visible\n  - retrying click action, attempt #42\n  -   waiting 500ms\n  -   waiting for element to be visible, enabled and stable\n  -   element is not visible\n  - retrying click action, attempt #43\n  -   waiting 500ms\n  -   waiting for element to be visible, enabled and stable\n  -   element is not visible\n  - retrying click action, attempt #44\n  -   waiting 500ms\n  -   waiting for element to be visible, enabled and stable\n  -   element is not visible\n  - retrying click action, attempt #45\n  -   waiting 500ms\n  -   waiting for element to be visible, enabled and stable\n  -   element is not visible\n  - retrying click action, attempt #46\n  -   waiting 500ms\n  -   waiting for element to be visible, enabled and stable\n  -   element is not visible\n  - retrying click action, attempt #47\n  -   waiting 500ms\n  -   waiting for element to be visible, enabled and stable\n  -   element is not visible\n  - retrying click action, attempt #48\n  -   waiting 500ms\n  -   waiting for element to be visible, enabled and stable\n  -   element is not visible\n  - retrying click action, attempt #49\n  -   waiting 500ms\n  -   waiting for element to be visible, enabled and stable\n  -   element is not visible\n  - retrying click action, attempt #50\n  -   waiting 500ms\n  -   waiting for element to be visible, enabled and stable\n  -   element is not visible\n  - retrying click action, attempt #51\n  -   waiting 500ms\n  -   waiting for element to be visible, enabled and stable\n  -   element is not visible\n  - retrying click action, attempt #52\n  -   waiting 500ms\n  -   waiting for element to be visible, enabled and stable\n  -   element is not visible\n  - retrying click action, attempt #53\n  -   waiting 500ms\n  -   waiting for element to be visible, enabled and stable\n  -   element is not visible\n  - retrying click action, attempt #54\n  -   waiting 500ms\n  -   waiting for element to be visible, enabled and stable\n  -   element is not visible\n  - retrying click action, attempt #55\n  -   waiting 500ms\n  -   waiting for element to be visible, enabled and stable\n  -   element is not visible\n  - retrying click action, attempt #56\n  -   waiting 500ms\n  -   waiting for element to be visible, enabled and stable\n  -   element is not visible\n  - retrying click action, attempt #57\n  -   waiting 500ms\n  -   waiting for element to be visible, enabled and stable\n  -   element is not visible\n  - retrying click action, attempt #58\n  -   waiting 500ms\n  -   waiting for element to be visible, enabled and stable\n  -   element is not visible\n  - retrying click action, attempt #59\n  -   waiting 500ms\n  -   waiting for element to be visible, enabled and stable\n  -   element is not visible\n  - retrying click action, attempt #60\n  -   waiting 500ms","time":{"start":1734984791514,"stop":1734984850561,"duration":59047}},{"uid":"eecad64c45d50a81","reportUrl":"https://Bohdan-wtl.github.io/qr-generator/allure-action/main/chromium/12471176449_1734982961025/#testresult/eecad64c45d50a81","status":"failed","statusDetails":"AssertionError: QR code not downloaded","time":{"start":1734978738707,"stop":1734978814756,"duration":76049}}]},"tags":["smoke"]},"source":"54b4dc30fbc49f68.json","parameterValues":["''","'image_qr_create'","'Default'"]}