{"uid":"cd56bf9660a6c5ba","name":"Admin create payment link - chromium","fullName":"tests.tests_generation_unic_admin_links.test_admin_link_generation.TestAdminLinkGeneration#test_admin_create_uniq_payment_link","historyId":"426885ef1e880e22ef4cd913e3d92930","time":{"start":1734446384337,"stop":1734446411426,"duration":27089},"status":"failed","statusMessage":"AssertionError: Locator expected to be disabled\nActual value: False \nCall log:\nLocatorAssertions.to_be_disabled with timeout 5000ms\n  - waiting for locator(\"#temp_submit\")\n  -   locator resolved to <button tabindex=\"0\" type=\"button\" id=\"temp_submit\" onclick=\"submit()\" class=\"btn bottom-next-btn\">…</button>\n  -   unexpected value \"enabled\"\n  -   locator resolved to <button tabindex=\"0\" type=\"button\" id=\"temp_submit\" onclick=\"submit()\" class=\"btn bottom-next-btn\">…</button>\n  -   unexpected value \"enabled\"\n  -   locator resolved to <button tabindex=\"0\" type=\"button\" id=\"temp_submit\" onclick=\"submit()\" class=\"btn bottom-next-btn\">…</button>\n  -   unexpected value \"enabled\"\n  -   locator resolved to <button tabindex=\"0\" type=\"button\" id=\"temp_submit\" onclick=\"submit()\" class=\"btn bottom-next-btn\">…</button>\n  -   unexpected value \"enabled\"\n  -   locator resolved to <button tabindex=\"0\" type=\"button\" id=\"temp_submit\" onclick=\"submit()\" class=\"btn bottom-next-btn\">…</button>\n  -   unexpected value \"enabled\"\n  -   locator resolved to <button tabindex=\"0\" type=\"button\" id=\"temp_submit\" onclick=\"submit()\" class=\"btn bottom-next-btn\">…</button>\n  -   unexpected value \"enabled\"\n  -   locator resolved to <button tabindex=\"0\" type=\"button\" id=\"temp_submit\" onclick=\"submit()\" class=\"btn bottom-next-btn\">…</button>\n  -   unexpected value \"enabled\"\n  -   locator resolved to <button tabindex=\"0\" type=\"button\" id=\"temp_submit\" onclick=\"submit()\" class=\"btn bottom-next-btn\">…</button>\n  -   unexpected value \"enabled\"\n  -   locator resolved to <button tabindex=\"0\" type=\"button\" id=\"temp_submit\" onclick=\"submit()\" class=\"btn bottom-next-btn\">…</button>\n  -   unexpected value \"enabled\"","statusTrace":"self = <tests.tests_generation_unic_admin_links.test_admin_link_generation.TestAdminLinkGeneration object at 0x7f35f41e3f80>\nsign_up_fixture = None, discount_button_locator = 'default_pricing_button'\nfake_email = 'wtl-automation9703681252329@test.com'\n\n    @pytest.mark.smoke\n    @pytest.mark.regression\n    @pytest.mark.parametrize(\"discount_button_locator\", [\n        \"default_pricing_button\",\n        \"discount_70_promo_button\",\n        \"discount_8_99_monthly_button\",\n        \"discount_50_one_time_button\"\n    ])\n    @allure.title(f\"Admin create payment link - {os.getenv('BROWSER')}\")\n    def test_admin_create_uniq_payment_link(self, sign_up_fixture, discount_button_locator, fake_email):\n        discount_locator = getattr(self.admin_page.locator, discount_button_locator)\n        self.qr_creation_page.website_qr_create()\n>       expect(self.qr_creation_page.locator.create_button).to_be_disabled()\nE       AssertionError: Locator expected to be disabled\nE       Actual value: False \nE       Call log:\nE       LocatorAssertions.to_be_disabled with timeout 5000ms\nE         - waiting for locator(\"#temp_submit\")\nE         -   locator resolved to <button tabindex=\"0\" type=\"button\" id=\"temp_submit\" onclick=\"submit()\" class=\"btn bottom-next-btn\">…</button>\nE         -   unexpected value \"enabled\"\nE         -   locator resolved to <button tabindex=\"0\" type=\"button\" id=\"temp_submit\" onclick=\"submit()\" class=\"btn bottom-next-btn\">…</button>\nE         -   unexpected value \"enabled\"\nE         -   locator resolved to <button tabindex=\"0\" type=\"button\" id=\"temp_submit\" onclick=\"submit()\" class=\"btn bottom-next-btn\">…</button>\nE         -   unexpected value \"enabled\"\nE         -   locator resolved to <button tabindex=\"0\" type=\"button\" id=\"temp_submit\" onclick=\"submit()\" class=\"btn bottom-next-btn\">…</button>\nE         -   unexpected value \"enabled\"\nE         -   locator resolved to <button tabindex=\"0\" type=\"button\" id=\"temp_submit\" onclick=\"submit()\" class=\"btn bottom-next-btn\">…</button>\nE         -   unexpected value \"enabled\"\nE         -   locator resolved to <button tabindex=\"0\" type=\"button\" id=\"temp_submit\" onclick=\"submit()\" class=\"btn bottom-next-btn\">…</button>\nE         -   unexpected value \"enabled\"\nE         -   locator resolved to <button tabindex=\"0\" type=\"button\" id=\"temp_submit\" onclick=\"submit()\" class=\"btn bottom-next-btn\">…</button>\nE         -   unexpected value \"enabled\"\nE         -   locator resolved to <button tabindex=\"0\" type=\"button\" id=\"temp_submit\" onclick=\"submit()\" class=\"btn bottom-next-btn\">…</button>\nE         -   unexpected value \"enabled\"\nE         -   locator resolved to <button tabindex=\"0\" type=\"button\" id=\"temp_submit\" onclick=\"submit()\" class=\"btn bottom-next-btn\">…</button>\nE         -   unexpected value \"enabled\"\n\ntests/tests_generation_unic_admin_links/test_admin_link_generation.py:30: AssertionError","flaky":false,"newFailed":false,"newBroken":false,"newPassed":false,"retriesCount":0,"retriesStatusChange":false,"beforeStages":[{"name":"_session_faker","time":{"start":1734446320627,"stop":1734446320732,"duration":105},"status":"passed","steps":[],"attachments":[],"parameters":[],"shouldDisplayMessage":false,"attachmentsCount":0,"stepsCount":0,"hasContent":false,"attachmentStep":false},{"name":"Set up browser: chromium","time":{"start":1734446320732,"stop":1734446321790,"duration":1058},"status":"passed","steps":[],"attachments":[],"parameters":[],"shouldDisplayMessage":false,"attachmentsCount":0,"stepsCount":0,"hasContent":false,"attachmentStep":false},{"name":"delete_output_dir","time":{"start":1734446320732,"stop":1734446320732,"duration":0},"status":"passed","steps":[],"attachments":[],"parameters":[],"shouldDisplayMessage":false,"attachmentsCount":0,"stepsCount":0,"hasContent":false,"attachmentStep":false},{"name":"base_url","time":{"start":1734446320732,"stop":1734446320732,"duration":0},"status":"passed","steps":[],"attachments":[],"parameters":[],"shouldDisplayMessage":false,"attachmentsCount":0,"stepsCount":0,"hasContent":false,"attachmentStep":false},{"name":"pytestconfig","time":{"start":1734446320732,"stop":1734446320732,"duration":0},"status":"passed","steps":[],"attachments":[],"parameters":[],"shouldDisplayMessage":false,"attachmentsCount":0,"stepsCount":0,"hasContent":false,"attachmentStep":false},{"name":"_verify_url","time":{"start":1734446320732,"stop":1734446320732,"duration":0},"status":"passed","steps":[],"attachments":[],"parameters":[],"shouldDisplayMessage":false,"attachmentsCount":0,"stepsCount":0,"hasContent":false,"attachmentStep":false},{"name":"fake_email","time":{"start":1734446381660,"stop":1734446381660,"duration":0},"status":"passed","steps":[],"attachments":[],"parameters":[],"shouldDisplayMessage":false,"attachmentsCount":0,"stepsCount":0,"hasContent":false,"attachmentStep":false},{"name":"Failed test artifacts","time":{"start":1734446381660,"stop":1734446381660,"duration":0},"status":"passed","steps":[],"attachments":[],"parameters":[],"shouldDisplayMessage":false,"attachmentsCount":0,"stepsCount":0,"hasContent":false,"attachmentStep":false},{"name":"Delete user after test","time":{"start":1734446381660,"stop":1734446381660,"duration":0},"status":"passed","steps":[],"attachments":[],"parameters":[],"shouldDisplayMessage":false,"attachmentsCount":0,"stepsCount":0,"hasContent":false,"attachmentStep":false},{"name":"context","time":{"start":1734446381661,"stop":1734446381722,"duration":61},"status":"passed","steps":[],"attachments":[],"parameters":[],"shouldDisplayMessage":false,"attachmentsCount":0,"stepsCount":0,"hasContent":false,"attachmentStep":false},{"name":"page","time":{"start":1734446381722,"stop":1734446382003,"duration":281},"status":"passed","steps":[],"attachments":[],"parameters":[],"shouldDisplayMessage":false,"attachmentsCount":0,"stepsCount":0,"hasContent":false,"attachmentStep":false},{"name":"setup","time":{"start":1734446382003,"stop":1734446382003,"duration":0},"status":"passed","steps":[],"attachments":[],"parameters":[],"shouldDisplayMessage":false,"attachmentsCount":0,"stepsCount":0,"hasContent":false,"attachmentStep":false},{"name":"Sign up","time":{"start":1734446382004,"stop":1734446384333,"duration":2329},"status":"passed","steps":[{"name":"Sign up","time":{"start":1734446383277,"stop":1734446384333,"duration":1056},"status":"passed","steps":[],"attachments":[],"parameters":[{"name":"temporary_mail","value":"'wtl-automation9703681252329@test.com'"},{"name":"signup_password","value":"'wtl-automation9703681252329@test.com'"}],"shouldDisplayMessage":false,"attachmentsCount":0,"stepsCount":0,"hasContent":true,"attachmentStep":false}],"attachments":[],"parameters":[],"shouldDisplayMessage":false,"attachmentsCount":0,"stepsCount":1,"hasContent":true,"attachmentStep":false}],"testStage":{"status":"failed","statusMessage":"AssertionError: Locator expected to be disabled\nActual value: False \nCall log:\nLocatorAssertions.to_be_disabled with timeout 5000ms\n  - waiting for locator(\"#temp_submit\")\n  -   locator resolved to <button tabindex=\"0\" type=\"button\" id=\"temp_submit\" onclick=\"submit()\" class=\"btn bottom-next-btn\">…</button>\n  -   unexpected value \"enabled\"\n  -   locator resolved to <button tabindex=\"0\" type=\"button\" id=\"temp_submit\" onclick=\"submit()\" class=\"btn bottom-next-btn\">…</button>\n  -   unexpected value \"enabled\"\n  -   locator resolved to <button tabindex=\"0\" type=\"button\" id=\"temp_submit\" onclick=\"submit()\" class=\"btn bottom-next-btn\">…</button>\n  -   unexpected value \"enabled\"\n  -   locator resolved to <button tabindex=\"0\" type=\"button\" id=\"temp_submit\" onclick=\"submit()\" class=\"btn bottom-next-btn\">…</button>\n  -   unexpected value \"enabled\"\n  -   locator resolved to <button tabindex=\"0\" type=\"button\" id=\"temp_submit\" onclick=\"submit()\" class=\"btn bottom-next-btn\">…</button>\n  -   unexpected value \"enabled\"\n  -   locator resolved to <button tabindex=\"0\" type=\"button\" id=\"temp_submit\" onclick=\"submit()\" class=\"btn bottom-next-btn\">…</button>\n  -   unexpected value \"enabled\"\n  -   locator resolved to <button tabindex=\"0\" type=\"button\" id=\"temp_submit\" onclick=\"submit()\" class=\"btn bottom-next-btn\">…</button>\n  -   unexpected value \"enabled\"\n  -   locator resolved to <button tabindex=\"0\" type=\"button\" id=\"temp_submit\" onclick=\"submit()\" class=\"btn bottom-next-btn\">…</button>\n  -   unexpected value \"enabled\"\n  -   locator resolved to <button tabindex=\"0\" type=\"button\" id=\"temp_submit\" onclick=\"submit()\" class=\"btn bottom-next-btn\">…</button>\n  -   unexpected value \"enabled\"","statusTrace":"self = <tests.tests_generation_unic_admin_links.test_admin_link_generation.TestAdminLinkGeneration object at 0x7f35f41e3f80>\nsign_up_fixture = None, discount_button_locator = 'default_pricing_button'\nfake_email = 'wtl-automation9703681252329@test.com'\n\n    @pytest.mark.smoke\n    @pytest.mark.regression\n    @pytest.mark.parametrize(\"discount_button_locator\", [\n        \"default_pricing_button\",\n        \"discount_70_promo_button\",\n        \"discount_8_99_monthly_button\",\n        \"discount_50_one_time_button\"\n    ])\n    @allure.title(f\"Admin create payment link - {os.getenv('BROWSER')}\")\n    def test_admin_create_uniq_payment_link(self, sign_up_fixture, discount_button_locator, fake_email):\n        discount_locator = getattr(self.admin_page.locator, discount_button_locator)\n        self.qr_creation_page.website_qr_create()\n>       expect(self.qr_creation_page.locator.create_button).to_be_disabled()\nE       AssertionError: Locator expected to be disabled\nE       Actual value: False \nE       Call log:\nE       LocatorAssertions.to_be_disabled with timeout 5000ms\nE         - waiting for locator(\"#temp_submit\")\nE         -   locator resolved to <button tabindex=\"0\" type=\"button\" id=\"temp_submit\" onclick=\"submit()\" class=\"btn bottom-next-btn\">…</button>\nE         -   unexpected value \"enabled\"\nE         -   locator resolved to <button tabindex=\"0\" type=\"button\" id=\"temp_submit\" onclick=\"submit()\" class=\"btn bottom-next-btn\">…</button>\nE         -   unexpected value \"enabled\"\nE         -   locator resolved to <button tabindex=\"0\" type=\"button\" id=\"temp_submit\" onclick=\"submit()\" class=\"btn bottom-next-btn\">…</button>\nE         -   unexpected value \"enabled\"\nE         -   locator resolved to <button tabindex=\"0\" type=\"button\" id=\"temp_submit\" onclick=\"submit()\" class=\"btn bottom-next-btn\">…</button>\nE         -   unexpected value \"enabled\"\nE         -   locator resolved to <button tabindex=\"0\" type=\"button\" id=\"temp_submit\" onclick=\"submit()\" class=\"btn bottom-next-btn\">…</button>\nE         -   unexpected value \"enabled\"\nE         -   locator resolved to <button tabindex=\"0\" type=\"button\" id=\"temp_submit\" onclick=\"submit()\" class=\"btn bottom-next-btn\">…</button>\nE         -   unexpected value \"enabled\"\nE         -   locator resolved to <button tabindex=\"0\" type=\"button\" id=\"temp_submit\" onclick=\"submit()\" class=\"btn bottom-next-btn\">…</button>\nE         -   unexpected value \"enabled\"\nE         -   locator resolved to <button tabindex=\"0\" type=\"button\" id=\"temp_submit\" onclick=\"submit()\" class=\"btn bottom-next-btn\">…</button>\nE         -   unexpected value \"enabled\"\nE         -   locator resolved to <button tabindex=\"0\" type=\"button\" id=\"temp_submit\" onclick=\"submit()\" class=\"btn bottom-next-btn\">…</button>\nE         -   unexpected value \"enabled\"\n\ntests/tests_generation_unic_admin_links/test_admin_link_generation.py:30: AssertionError","steps":[{"name":"Create Webiste QR code","time":{"start":1734446384566,"stop":1734446406392,"duration":21826},"status":"passed","steps":[{"name":"Set QR code name","time":{"start":1734446392057,"stop":1734446392352,"duration":295},"status":"passed","steps":[],"attachments":[],"parameters":[{"name":"qr_code_type","value":"'Website'"}],"shouldDisplayMessage":false,"attachmentsCount":0,"stepsCount":0,"hasContent":true,"attachmentStep":false},{"name":"Close help modal window step 3","time":{"start":1734446392709,"stop":1734446394385,"duration":1676},"status":"passed","steps":[],"attachments":[],"parameters":[],"shouldDisplayMessage":false,"attachmentsCount":0,"stepsCount":0,"hasContent":false,"attachmentStep":false},{"name":"Select qr frame on step 3","time":{"start":1734446394385,"stop":1734446397672,"duration":3287},"status":"passed","steps":[],"attachments":[],"parameters":[],"shouldDisplayMessage":false,"attachmentsCount":0,"stepsCount":0,"hasContent":false,"attachmentStep":false},{"name":"Select QR cornets on step 3","time":{"start":1734446400256,"stop":1734446403829,"duration":3573},"status":"passed","steps":[],"attachments":[],"parameters":[],"shouldDisplayMessage":false,"attachmentsCount":0,"stepsCount":0,"hasContent":false,"attachmentStep":false},{"name":"Set file","time":{"start":1734446405202,"stop":1734446406392,"duration":1190},"status":"passed","steps":[{"name":"Generate file","time":{"start":1734446405202,"stop":1734446406357,"duration":1155},"status":"passed","steps":[],"attachments":[],"parameters":[{"name":"file_type","value":"'image'"}],"shouldDisplayMessage":false,"attachmentsCount":0,"stepsCount":0,"hasContent":true,"attachmentStep":false}],"attachments":[],"parameters":[{"name":"selector","value":"<Locator frame=<Frame name= url='https://oqg-staging.test-qr.com/qr?step=3&qr_onboarding=active'> selector=\"//input[@id='qr_code_logo']\">"},{"name":"file_type","value":"'image'"}],"shouldDisplayMessage":false,"attachmentsCount":0,"stepsCount":1,"hasContent":true,"attachmentStep":false}],"attachments":[],"parameters":[],"shouldDisplayMessage":false,"attachmentsCount":0,"stepsCount":6,"hasContent":true,"attachmentStep":false}],"attachments":[],"parameters":[],"shouldDisplayMessage":true,"attachmentsCount":0,"stepsCount":7,"hasContent":true,"attachmentStep":false},"afterStages":[{"name":"Sign up::0","time":{"start":1734446411431,"stop":1734446411431,"duration":0},"status":"passed","steps":[],"attachments":[],"parameters":[],"shouldDisplayMessage":false,"attachmentsCount":0,"stepsCount":0,"hasContent":false,"attachmentStep":false},{"name":"page::0","time":{"start":1734446411431,"stop":1734446412590,"duration":1159},"status":"passed","steps":[],"attachments":[],"parameters":[],"shouldDisplayMessage":false,"attachmentsCount":0,"stepsCount":0,"hasContent":false,"attachmentStep":false},{"name":"context::0","time":{"start":1734446412590,"stop":1734446412664,"duration":74},"status":"passed","steps":[],"attachments":[],"parameters":[],"shouldDisplayMessage":false,"attachmentsCount":0,"stepsCount":0,"hasContent":false,"attachmentStep":false},{"name":"Delete user after test::0","time":{"start":1734446412665,"stop":1734446412813,"duration":148},"status":"passed","steps":[],"attachments":[],"parameters":[],"shouldDisplayMessage":false,"attachmentsCount":0,"stepsCount":0,"hasContent":false,"attachmentStep":false},{"name":"Failed test artifacts::0","time":{"start":1734446412816,"stop":1734446412829,"duration":13},"status":"passed","steps":[],"attachments":[{"uid":"19156bb8ef0db520","name":"screenshot","source":"19156bb8ef0db520.png","type":"image/png","size":254326},{"uid":"fff706b16524973f","name":"video","source":"fff706b16524973f.webm","type":"video/webm","size":2124246}],"parameters":[],"shouldDisplayMessage":false,"attachmentsCount":2,"stepsCount":0,"hasContent":true,"attachmentStep":false},{"name":"Set up browser: chromium::0","time":{"start":1734446608688,"stop":1734446608751,"duration":63},"status":"passed","steps":[],"attachments":[],"parameters":[],"shouldDisplayMessage":false,"attachmentsCount":0,"stepsCount":0,"hasContent":false,"attachmentStep":false}],"labels":[{"name":"feature","value":"Admin link generation - chromium"},{"name":"tag","value":"regression"},{"name":"tag","value":"smoke"},{"name":"parentSuite","value":"tests.tests_generation_unic_admin_links"},{"name":"suite","value":"test_admin_link_generation"},{"name":"subSuite","value":"TestAdminLinkGeneration"},{"name":"host","value":"939b683048a3"},{"name":"thread","value":"25-MainThread"},{"name":"framework","value":"pytest"},{"name":"language","value":"cpython3"},{"name":"package","value":"tests.tests_generation_unic_admin_links.test_admin_link_generation"},{"name":"resultFormat","value":"allure2"}],"parameters":[{"name":"discount_button_locator","value":"'default_pricing_button'"},{"name":"language","value":"'da'"}],"links":[],"hidden":false,"retry":false,"extra":{"severity":"normal","retries":[],"categories":[{"name":"Product defects","matchedStatuses":[],"flaky":false}],"tags":["regression","smoke"]},"source":"cd56bf9660a6c5ba.json","parameterValues":["'default_pricing_button'","'da'"]}